# JRE version: OpenJDK Runtime Environment (8.0_202-b03) (build 1.8.0_202-release-1483-b03)
# Java VM: OpenJDK 64-Bit Server VM (25.202-b03 mixed mode windows-amd64 compressed oops)
Heap:
 PSYoungGen      total 205312K, used 161198K [0x00000000e0000000, 0x00000000f0500000, 0x0000000100000000)
  eden space 179712K, 89% used [0x00000000e0000000,0x00000000e9d6b900,0x00000000eaf80000)
  from space 25600K, 0% used [0x00000000eaf80000,0x00000000eaf80000,0x00000000ec880000)
  to   space 25600K, 0% used [0x00000000eec00000,0x00000000eec00000,0x00000000f0500000)
 ParOldGen       total 198656K, used 102173K [0x00000000a0000000, 0x00000000ac200000, 0x00000000e0000000)
  object space 198656K, 51% used [0x00000000a0000000,0x00000000a63c77e0,0x00000000ac200000)
 Metaspace       used 92423K, capacity 97125K, committed 99276K, reserved 1134592K
  class space    used 12370K, capacity 13375K, committed 13952K, reserved 1048576K
GC Heap History (10 events):
Event: 226.789 GC heap before
{Heap before GC invocations=25 (full 3):
 PSYoungGen      total 149504K, used 149483K [0x00000000e0000000, 0x00000000ebb80000, 0x0000000100000000)
  eden space 131072K, 100% used [0x00000000e0000000,0x00000000e8000000,0x00000000e8000000)
  from space 18432K, 99% used [0x00000000e8000000,0x00000000e91faf68,0x00000000e9200000)
  to   space 21504K, 0% used [0x00000000ea680000,0x00000000ea680000,0x00000000ebb80000)
 ParOldGen       total 114176K, used 53787K [0x00000000a0000000, 0x00000000a6f80000, 0x00000000e0000000)
  object space 114176K, 47% used [0x00000000a0000000,0x00000000a3486f20,0x00000000a6f80000)
 Metaspace       used 77018K, capacity 81008K, committed 81112K, reserved 1120256K
  class space    used 10294K, capacity 11220K, committed 11264K, reserved 1048576K
Event: 228.756 GC heap after
Heap after GC invocations=25 (full 3):
 PSYoungGen      total 167936K, used 18945K [0x00000000e0000000, 0x00000000ec980000, 0x0000000100000000)
  eden space 146432K, 0% used [0x00000000e0000000,0x00000000e0000000,0x00000000e8f00000)
  from space 21504K, 88% used [0x00000000ea680000,0x00000000eb900660,0x00000000ebb80000)
  to   space 24064K, 0% used [0x00000000e8f00000,0x00000000e8f00000,0x00000000ea680000)
 ParOldGen       total 114176K, used 69412K [0x00000000a0000000, 0x00000000a6f80000, 0x00000000e0000000)
  object space 114176K, 60% used [0x00000000a0000000,0x00000000a43c92f0,0x00000000a6f80000)
 Metaspace       used 77018K, capacity 81008K, committed 81112K, reserved 1120256K
  class space    used 10294K, capacity 11220K, committed 11264K, reserved 1048576K
}
Event: 265.097 GC heap before
{Heap before GC invocations=26 (full 3):
 PSYoungGen      total 167936K, used 165377K [0x00000000e0000000, 0x00000000ec980000, 0x0000000100000000)
  eden space 146432K, 100% used [0x00000000e0000000,0x00000000e8f00000,0x00000000e8f00000)
  from space 21504K, 88% used [0x00000000ea680000,0x00000000eb900660,0x00000000ebb80000)
  to   space 24064K, 0% used [0x00000000e8f00000,0x00000000e8f00000,0x00000000ea680000)
 ParOldGen       total 114176K, used 69412K [0x00000000a0000000, 0x00000000a6f80000, 0x00000000e0000000)
  object space 114176K, 60% used [0x00000000a0000000,0x00000000a43c92f0,0x00000000a6f80000)
 Metaspace       used 82883K, capacity 87152K, committed 87384K, reserved 1124352K
  class space    used 11107K, capacity 12064K, committed 12160K, reserved 1048576K
Event: 269.219 GC heap after
Heap after GC invocations=26 (full 3):
 PSYoungGen      total 170496K, used 20296K [0x00000000e0000000, 0x00000000ee200000, 0x0000000100000000)
  eden space 146432K, 0% used [0x00000000e0000000,0x00000000e0000000,0x00000000e8f00000)
  from space 24064K, 84% used [0x00000000e8f00000,0x00000000ea2d2150,0x00000000ea680000)
  to   space 26112K, 0% used [0x00000000ec880000,0x00000000ec880000,0x00000000ee200000)
 ParOldGen       total 114176K, used 74869K [0x00000000a0000000, 0x00000000a6f80000, 0x00000000e0000000)
  object space 114176K, 65% used [0x00000000a0000000,0x00000000a491d728,0x00000000a6f80000)
 Metaspace       used 82883K, capacity 87152K, committed 87384K, reserved 1124352K
  class space    used 11107K, capacity 12064K, committed 12160K, reserved 1048576K
}
Event: 292.174 GC heap before
{Heap before GC invocations=27 (full 3):
 PSYoungGen      total 170496K, used 166728K [0x00000000e0000000, 0x00000000ee200000, 0x0000000100000000)
  eden space 146432K, 100% used [0x00000000e0000000,0x00000000e8f00000,0x00000000e8f00000)
  from space 24064K, 84% used [0x00000000e8f00000,0x00000000ea2d2150,0x00000000ea680000)
  to   space 26112K, 0% used [0x00000000ec880000,0x00000000ec880000,0x00000000ee200000)
 ParOldGen       total 114176K, used 74869K [0x00000000a0000000, 0x00000000a6f80000, 0x00000000e0000000)
  object space 114176K, 65% used [0x00000000a0000000,0x00000000a491d728,0x00000000a6f80000)
 Metaspace       used 85777K, capacity 90340K, committed 90584K, reserved 1128448K
  class space    used 11498K, capacity 12468K, committed 12544K, reserved 1048576K
Event: 294.020 GC heap after
Heap after GC invocations=27 (full 3):
 PSYoungGen      total 205312K, used 12751K [0x00000000e0000000, 0x00000000ee180000, 0x0000000100000000)
  eden space 179712K, 0% used [0x00000000e0000000,0x00000000e0000000,0x00000000eaf80000)
  from space 25600K, 49% used [0x00000000ec880000,0x00000000ed4f3fd8,0x00000000ee180000)
  to   space 25600K, 0% used [0x00000000eaf80000,0x00000000eaf80000,0x00000000ec880000)
 ParOldGen       total 114176K, used 86097K [0x00000000a0000000, 0x00000000a6f80000, 0x00000000e0000000)
  object space 114176K, 75% used [0x00000000a0000000,0x00000000a5414750,0x00000000a6f80000)
 Metaspace       used 85777K, capacity 90340K, committed 90584K, reserved 1128448K
  class space    used 11498K, capacity 12468K, committed 12544K, reserved 1048576K
}
Event: 301.377 GC heap before
{Heap before GC invocations=28 (full 3):
 PSYoungGen      total 205312K, used 132457K [0x00000000e0000000, 0x00000000ee180000, 0x0000000100000000)
  eden space 179712K, 66% used [0x00000000e0000000,0x00000000e74e6568,0x00000000eaf80000)
  from space 25600K, 49% used [0x00000000ec880000,0x00000000ed4f3fd8,0x00000000ee180000)
  to   space 25600K, 0% used [0x00000000eaf80000,0x00000000eaf80000,0x00000000ec880000)
 ParOldGen       total 114176K, used 86097K [0x00000000a0000000, 0x00000000a6f80000, 0x00000000e0000000)
  object space 114176K, 75% used [0x00000000a0000000,0x00000000a5414750,0x00000000a6f80000)
 Metaspace       used 92580K, capacity 98369K, committed 98380K, reserved 1134592K
  class space    used 12608K, capacity 13813K, committed 13824K, reserved 1048576K
Event: 303.428 GC heap after
Heap after GC invocations=28 (full 3):
 PSYoungGen      total 205312K, used 15046K [0x00000000e0000000, 0x00000000f0500000, 0x0000000100000000)
  eden space 179712K, 0% used [0x00000000e0000000,0x00000000e0000000,0x00000000eaf80000)
  from space 25600K, 58% used [0x00000000eaf80000,0x00000000ebe318f0,0x00000000ec880000)
  to   space 25600K, 0% used [0x00000000eec00000,0x00000000eec00000,0x00000000f0500000)
 ParOldGen       total 114176K, used 95068K [0x00000000a0000000, 0x00000000a6f80000, 0x00000000e0000000)
  object space 114176K, 83% used [0x00000000a0000000,0x00000000a5cd7018,0x00000000a6f80000)
 Metaspace       used 92580K, capacity 98369K, committed 98380K, reserved 1134592K
  class space    used 12608K, capacity 13813K, committed 13824K, reserved 1048576K
}
Event: 303.432 GC heap before
{Heap before GC invocations=29 (full 4):
 PSYoungGen      total 205312K, used 15046K [0x00000000e0000000, 0x00000000f0500000, 0x0000000100000000)
  eden space 179712K, 0% used [0x00000000e0000000,0x00000000e0000000,0x00000000eaf80000)
  from space 25600K, 58% used [0x00000000eaf80000,0x00000000ebe318f0,0x00000000ec880000)
  to   space 25600K, 0% used [0x00000000eec00000,0x00000000eec00000,0x00000000f0500000)
 ParOldGen       total 114176K, used 95068K [0x00000000a0000000, 0x00000000a6f80000, 0x00000000e0000000)
  object space 114176K, 83% used [0x00000000a0000000,0x00000000a5cd7018,0x00000000a6f80000)
 Metaspace       used 92580K, capacity 98369K, committed 98380K, reserved 1134592K
  class space    used 12608K, capacity 13813K, committed 13824K, reserved 1048576K
Event: 324.681 GC heap after
Heap after GC invocations=29 (full 4):
 PSYoungGen      total 205312K, used 0K [0x00000000e0000000, 0x00000000f0500000, 0x0000000100000000)
  eden space 179712K, 0% used [0x00000000e0000000,0x00000000e0000000,0x00000000eaf80000)
  from space 25600K, 0% used [0x00000000eaf80000,0x00000000eaf80000,0x00000000ec880000)
  to   space 25600K, 0% used [0x00000000eec00000,0x00000000eec00000,0x00000000f0500000)
 ParOldGen       total 198656K, used 102173K [0x00000000a0000000, 0x00000000ac200000, 0x00000000e0000000)
  object space 198656K, 51% used [0x00000000a0000000,0x00000000a63c77e0,0x00000000ac200000)
 Metaspace       used 91649K, capacity 96005K, committed 98380K, reserved 1134592K
  class space    used 12296K, capacity 13263K, committed 13824K, reserved 1048576K
}

